<?xml version="1.0" encoding="UTF-8"?>
<!-- Generated by org.testng.reporters.JUnitXMLReporter -->
<testsuite ignored="0" hostname="AMAN" failures="0" tests="8" name="Login" time="49.303" errors="0" timestamp="2025-08-18T21:10:43 IST">
  <testcase classname="TestCases.LoginPageTest" name="Login" time="3.035"/>
  <testcase classname="TestCases.RegisterPageTest" name="register" time="6.121"/>
  <testcase classname="TestCases.RegisterPageTest" name="register" time="5.09"/>
  <testcase classname="TestCases.RegisterPageTest" name="register" time="5.227"/>
  <testcase classname="TestCases.SearchPageTest" name="search" time="0.707"/>
  <testcase classname="TestCases.SearchPageTest" name="search" time="0.451"/>
  <testcase classname="TestCases.AddToCartPageTest" name="cart" time="9.272"/>
  <testcase classname="TestCases.CheckoutPageTest" name="checkout" time="1.38"/>
</testsuite> <!-- Login -->
