<?xml version="1.0" encoding="UTF-8"?>
<!-- Generated by org.testng.reporters.JUnitXMLReporter -->
<testsuite ignored="0" hostname="AMAN" failures="3" tests="3" name="Register" time="9.288" errors="0" timestamp="2025-08-05T16:41:52 IST">
  <testcase classname="TestCases.RegisterPageTest" name="register" time="2.041">
    <failure type="java.lang.AssertionError" message="Please Try Again....! Thank You expected [My Account] but found [Register Account]">
      <![CDATA[java.lang.AssertionError: Please Try Again....! Thank You expected [My Account] but found [Register Account]
at TestCases.RegisterPageTest.register(RegisterPageTest.java:60)
at java.base/java.util.ArrayList.forEach(ArrayList.java:1596)
... Removed 30 stack frames]]>
    </failure>
  </testcase> <!-- register -->
  <testcase classname="TestCases.RegisterPageTest" name="register" time="1.742">
    <failure type="java.lang.AssertionError" message="Please Try Again....! Thank You expected [My Account] but found [Register Account]">
      <![CDATA[java.lang.AssertionError: Please Try Again....! Thank You expected [My Account] but found [Register Account]
at TestCases.RegisterPageTest.register(RegisterPageTest.java:60)
at java.base/java.util.ArrayList.forEach(ArrayList.java:1596)
... Removed 30 stack frames]]>
    </failure>
  </testcase> <!-- register -->
  <testcase classname="TestCases.RegisterPageTest" name="register" time="2.304">
    <failure type="java.lang.AssertionError" message="Please Try Again....! Thank You expected [My Account] but found [Your Account Has Been Created!]">
      <![CDATA[java.lang.AssertionError: Please Try Again....! Thank You expected [My Account] but found [Your Account Has Been Created!]
at TestCases.RegisterPageTest.register(RegisterPageTest.java:60)
at java.base/java.util.ArrayList.forEach(ArrayList.java:1596)
... Removed 30 stack frames]]>
    </failure>
  </testcase> <!-- register -->
</testsuite> <!-- Register -->
